<?xml version="1.0" encoding="UTF-8"?>
<!-- Generated by org.testng.reporters.JUnitReportReporter -->
<testsuite skipped="0" hostname="DESKTOP-I8ANQG5" name="com.academyT.HomePage" tests="2" failures="0" timestamp="05 Feb 2018 07:56:48 GMT" time="42.286" errors="0">
  <testcase name="basePageNavigation" time="20.490" classname="com.academyT.HomePage"/>
  <testcase name="basePageNavigation" time="21.796" classname="com.academyT.HomePage"/>
</testsuite> <!-- com.academyT.HomePage -->
