<?xml version="1.0" encoding="UTF-8"?>
<!-- Generated by org.testng.reporters.JUnitReportReporter -->
<testsuite skipped="0" hostname="DESKTOP-I8ANQG5" name="com.academyT.HomePageTest" tests="2" failures="0" timestamp="07 Feb 2018 10:10:44 GMT" time="25.699" errors="0">
  <testcase name="basePageNavigation" time="9.344" classname="com.academyT.HomePageTest"/>
  <testcase name="basePageNavigation" time="16.355" classname="com.academyT.HomePageTest"/>
</testsuite> <!-- com.academyT.HomePageTest -->
