<?xml version="1.0" encoding="UTF-8"?>
<!-- Generated by org.testng.reporters.JUnitReportReporter -->
<testsuite skipped="0" hostname="DESKTOP-I8ANQG5" name="com.academyT.ValidateTitle" tests="1" failures="0" timestamp="05 Feb 2018 09:01:16 GMT" time="8.238" errors="0">
  <testcase name="validatingHomePageTitle" time="8.238" classname="com.academyT.ValidateTitle"/>
</testsuite> <!-- com.academyT.ValidateTitle -->
