<?xml version="1.0" encoding="UTF-8"?>
<!-- Generated by org.testng.reporters.JUnitReportReporter -->
<testsuite skipped="0" hostname="DESKTOP-I8ANQG5" name="com.academyT.navigationMenuTest" tests="1" failures="0" timestamp="06 Feb 2018 09:58:50 GMT" time="6.513" errors="0">
  <testcase name="navigationMenuValidationTest" time="6.513" classname="com.academyT.navigationMenuTest"/>
</testsuite> <!-- com.academyT.navigationMenuTest -->
