<?xml version="1.0" encoding="UTF-8"?>
<!-- Generated by org.testng.reporters.JUnitReportReporter -->
<testsuite skipped="0" hostname="DESKTOP-I8ANQG5" name="com.academyT.HomePageTest" tests="2" failures="0" timestamp="10 Feb 2018 08:50:09 GMT" time="19.153" errors="0">
  <testcase name="basePageNavigation" time="13.232" classname="com.academyT.HomePageTest"/>
  <testcase name="basePageNavigation" time="5.921" classname="com.academyT.HomePageTest"/>
</testsuite> <!-- com.academyT.HomePageTest -->
