<?xml version="1.0" encoding="UTF-8"?>
<!-- Generated by org.testng.reporters.JUnitReportReporter -->
<testsuite skipped="0" hostname="DESKTOP-I8ANQG5" name="com.academyT.ValidateTitleTest" tests="1" failures="0" timestamp="10 Feb 2018 08:50:09 GMT" time="0.095" errors="0">
  <testcase name="validatingHomePageTitle" time="0.095" classname="com.academyT.ValidateTitleTest"/>
</testsuite> <!-- com.academyT.ValidateTitleTest -->
